[2021-06-11 16:06:17] [INFO] 当前测试环境 huat
[2021-06-11 16:06:17] [INFO] 数据库初始化.
[2021-06-11 16:06:18] [DEBUG] Starting new HTTP connection (1): 10.10.100.153:8081
[2021-06-11 16:06:18] [DEBUG] http://10.10.100.153:8081 "GET /getTestData HTTP/1.1" 200 None
[2021-06-11 16:06:18] [INFO] 用户四要素信息 
{'name': '阙震会', 'cer_no': '421202200605060372', 'bankid': '6216668574635675096', 'telephone': '14300006104', 'applyId': 'applyId1623398778157'}
[2021-06-11 16:06:18] [INFO] 开始授信申请...
[2021-06-11 16:06:18] [INFO] data数据: {'head': {'requestSerialNo': 'SerialNo1623398778175', 'requestTime': '1623398778175', 'empNo': 'empNo1623398778175', 'merchantId': '000UC010000006268', 'managerId': '000UC010000006268'}, 'body': {'applyId': 'applyId1623398778157', 'sourceCode': '000UC010000006268', 'orderType': '1', 'loanAmount': 30000, 'creditAmount': 30000, 'loanTerm': 3, 'repayType': 1, 'firstOrderDate': '2021-06-11', 'idNo': '421202200605060372', 'userBankCardNo': '6216668574635675096', 'name': '阙震会', 'mobileNo': '14300006104'}, 'loanAmount': 10000}
[2021-06-11 16:06:18] [DEBUG] Starting new HTTP connection (1): hapi-web-huat.corp.jccfc.com:80
[2021-06-11 16:06:18] [DEBUG] http://hapi-web-huat.corp.jccfc.com:80 "POST /api/fql/v1/encrypt/encryptData HTTP/1.1" 308 171
[2021-06-11 16:06:18] [DEBUG] Starting new HTTPS connection (1): hapi-web-huat.corp.jccfc.com:443
[2021-06-11 16:06:18] [DEBUG] https://hapi-web-huat.corp.jccfc.com:443 "POST /api/fql/v1/encrypt/encryptData HTTP/1.1" 404 None
[2021-06-11 16:06:18] [DEBUG] Starting new HTTP connection (1): hapi-web-huat.corp.jccfc.com:80
[2021-06-11 16:06:18] [DEBUG] http://hapi-web-huat.corp.jccfc.com:80 "POST /api/fql/v1/credit/apply HTTP/1.1" 308 171
[2021-06-11 16:06:18] [DEBUG] Starting new HTTPS connection (1): hapi-web-huat.corp.jccfc.com:443
[2021-06-11 16:06:18] [DEBUG] https://hapi-web-huat.corp.jccfc.com:443 "POST /api/fql/v1/credit/apply HTTP/1.1" 404 None
[2021-06-11 16:06:18] [DEBUG] Starting new HTTP connection (1): hapi-web-huat.corp.jccfc.com:80
[2021-06-11 16:06:18] [DEBUG] http://hapi-web-huat.corp.jccfc.com:80 "POST /api/fql/v1/encrypt/decryptData HTTP/1.1" 308 171
[2021-06-11 16:06:18] [DEBUG] Starting new HTTPS connection (1): hapi-web-huat.corp.jccfc.com:443
[2021-06-11 16:06:18] [DEBUG] https://hapi-web-huat.corp.jccfc.com:443 "POST /api/fql/v1/encrypt/decryptData HTTP/1.1" 404 None
