[2021-06-22 13:54:57] [INFO] 当前测试环境 huat
[2021-06-22 13:54:57] [INFO] 数据库初始化.
[2021-06-22 13:54:57] [DEBUG] Starting new HTTP connection (1): 10.10.100.153:8081
[2021-06-22 13:54:57] [DEBUG] http://10.10.100.153:8081 "GET /getTestData HTTP/1.1" 200 None
[2021-06-22 13:54:57] [INFO] 用户四要素信息 
{'name': '越嘉娣', 'cer_no': '141127198711147468', 'bankid': '6217857999819258683', 'telephone': '14300002036', 'applyId': 'applyId1624341297513'}
[2021-06-22 13:54:57] [INFO] 开始授信申请...
[2021-06-22 13:54:57] [INFO] payload数据: {'head': {'tenantId': '000', 'channelNo': '01', 'requestSerialNo': 'SerialNo16243412975331', 'marketClue': None, 'deviceId': None, 'longitude': None, 'latitude': None, 'requestTime': '1624341297533', 'merchantId': '000UC010000006268', 'managerId': '000UC010000006268', 'empNo': 'empNo1624341297533', 'token': None, 'rebackUrl': None, 'notifyUrl': None}, 'body': {'applyId': 'applyId1624341297513', 'sourceCode': '000UC010000006268', 'orderType': '1', 'loanAmount': 30000, 'creditAmount': 30000, 'loanTerm': '12', 'repayType': '1', 'fixedBillDay': '10', 'fixedRepayDay': '27', 'interestRate': '30', 'annualRate': '20.36', 'name': '越嘉娣', 'age': '39', 'sex': '1', 'idType': '1', 'idNo': '141127198711147468', 'issuingAuth': '成都市双流县公安局', 'birthDay': '1984-11-23', 'nation': '汉族', 'mobileNo': '14300002036', 'reserveMobile': '16400008192', 'userBankCardNo': '6217857999819258683', 'national': 'CHN', 'maritalStatus': '90', 'duties': 'A', 'education': '1', 'companyName': '锦程消费金融有限公司', 'livingAddr': '北京市市辖区东城区测试路222号', 'contactName': '唐无名', 'contactMobile': '13708080125', 'contactRel': '5', 'contactName1': '唐海明', 'contactMobile1': '15908118645', 'contactRel1': '1', 'goodsName': '取现借款', 'loanUse': '5', 'firstRepayDate': '2021-06-11', 'schoolName': '四川音乐学院', 'schoolProvince': '510000', 'schoolCity': '510100', 'customerType': '2', 'enrolmentYear': '2009', 'graduationYear': '2013', 'companyAddress': '北京市市辖区东城区测试路223号', 'userOccupation': '0', 'userIndustryCategory': '2', 'registerMobileLocation': '成都', 'hasOverdueEver': 'false', 'totalOverdueCount': '0', 'totalOverdueDays': '0', 'maxOverdueDays': '0', 'currentOverdueDays': '0', 'allOrderRepayed': '1', 'notRepayedOrderCount': '0', 'notRepayedOrderAmount': '0', 'totalOrderCount': '0', 'firstOrderDate': '2021-06-22', 'latestOrderDate': '2021-04-08', 'monthlyIncome': '10000', 'idCardExpireDate': '2025-3-30', 'idCardAddr': '北京市市辖区东城区测试路224号', 'manualApproval': 'false', 'liveArea': '110000-110100-110101', 'companyArea': '110000-110100-110101', 'fileInfos': [{'fileType': '1', 'fileUrl': 'http://jccfc-hsit.ks3-cn-beijing.ksyun.com/xdgl/fql/yw/idcard_front_202000000948071964.jpg', 'fileName': 'idcard_front_202000000948071964.jpg'}, {'fileType': '2', 'fileUrl': 'http://jccfc-hsit.ks3-cn-beijing.ksyun.com/xdgl/fql/yw/idcard_back_202000000948071964.jpg', 'fileName': 'idcard_back_202000000948071964.jpg'}, {'fileType': '3', 'fileUrl': 'http://jccfc-hsit.ks3-cn-beijing.ksyun.com/xdgl/fql/yw/face_distinguish_202000000948071964.jpg', 'fileName': 'face_distinguish_202000000948071964.jpg'}, {'fileType': '4', 'fileUrl': 'http://jccfc-hsit.ks3-cn-beijing.ksyun.com/xdgl/fql/yw/JC_userauth_202000000948071964.pdf', 'fileName': 'JC_userauth_202000000948071964.pdf'}]}}
[2021-06-22 13:54:57] [DEBUG] Starting new HTTP connection (1): api-web-huat.jccfc.com:80
[2021-06-22 13:54:57] [DEBUG] http://api-web-huat.jccfc.com:80 "POST /api/fql/v1/encrypt/encryptData HTTP/1.1" 308 171
[2021-06-22 13:54:57] [DEBUG] Starting new HTTPS connection (1): api-web-huat.jccfc.com:443
[2021-06-22 13:54:58] [DEBUG] https://api-web-huat.jccfc.com:443 "POST /api/fql/v1/encrypt/encryptData HTTP/1.1" 200 None
[2021-06-22 13:54:58] [DEBUG] Starting new HTTP connection (1): api-web-huat.jccfc.com:80
[2021-06-22 13:54:58] [DEBUG] http://api-web-huat.jccfc.com:80 "POST /api/fql/v1/credit/apply HTTP/1.1" 308 171
[2021-06-22 13:54:58] [DEBUG] Starting new HTTPS connection (1): api-web-huat.jccfc.com:443
[2021-06-22 13:55:01] [DEBUG] https://api-web-huat.jccfc.com:443 "POST /api/fql/v1/credit/apply HTTP/1.1" 200 None
[2021-06-22 13:55:01] [DEBUG] Starting new HTTP connection (1): api-web-huat.jccfc.com:80
[2021-06-22 13:55:01] [DEBUG] http://api-web-huat.jccfc.com:80 "POST /api/fql/v1/encrypt/decryptData HTTP/1.1" 308 171
[2021-06-22 13:55:01] [DEBUG] Starting new HTTPS connection (1): api-web-huat.jccfc.com:443
[2021-06-22 13:55:02] [DEBUG] https://api-web-huat.jccfc.com:443 "POST /api/fql/v1/encrypt/decryptData HTTP/1.1" 200 41
